Classic Timing Analyzer report for register
Tue May 15 10:54:14 2018
Quartus II Version 9.1 Build 350 03/24/2010 Service Pack 2 SJ Web Edition


---------------------
; Table of Contents ;
---------------------
  1. Legal Notice
  2. Timing Analyzer Summary
  3. Timing Analyzer Settings
  4. Clock Settings Summary
  5. Parallel Compilation
  6. tsu
  7. tco
  8. th
  9. Timing Analyzer Messages



----------------
; Legal Notice ;
----------------
Copyright (C) 1991-2010 Altera Corporation
Your use of Altera Corporation's design tools, logic functions 
and other software and tools, and its AMPP partner logic 
functions, and any output files from any of the foregoing 
(including device programming or simulation files), and any 
associated documentation or information are expressly subject 
to the terms and conditions of the Altera Program License 
Subscription Agreement, Altera MegaCore Function License 
Agreement, or other applicable license agreement, including, 
without limitation, that your use is for the sole purpose of 
programming logic devices manufactured by Altera and sold by 
Altera or its authorized distributors.  Please refer to the 
applicable agreement for further details.



+-------------------------------------------------------------------------------------------------------------------------------------+
; Timing Analyzer Summary                                                                                                             ;
+------------------------------+-------+---------------+-------------+------------+------------+------------+----------+--------------+
; Type                         ; Slack ; Required Time ; Actual Time ; From       ; To         ; From Clock ; To Clock ; Failed Paths ;
+------------------------------+-------+---------------+-------------+------------+------------+------------+----------+--------------+
; Worst-case tsu               ; N/A   ; None          ; 4.220 ns    ; en         ; y[31]~reg0 ; --         ; clk      ; 0            ;
; Worst-case tco               ; N/A   ; None          ; 7.901 ns    ; y[25]~reg0 ; y[25]      ; clk        ; --       ; 0            ;
; Worst-case th                ; N/A   ; None          ; -2.255 ns   ; a[25]      ; y[25]~reg0 ; --         ; clk      ; 0            ;
; Total number of failed paths ;       ;               ;             ;            ;            ;            ;          ; 0            ;
+------------------------------+-------+---------------+-------------+------------+------------+------------+----------+--------------+


+-----------------------------------------------------------------------------------------------------------------------------------------------------+
; Timing Analyzer Settings                                                                                                                            ;
+------------------------------------------------------------------------------------------------------+--------------------+------+----+-------------+
; Option                                                                                               ; Setting            ; From ; To ; Entity Name ;
+------------------------------------------------------------------------------------------------------+--------------------+------+----+-------------+
; Device Name                                                                                          ; EP2S15F484C3       ;      ;    ;             ;
; Timing Models                                                                                        ; Final              ;      ;    ;             ;
; Default hold multicycle                                                                              ; Same as Multicycle ;      ;    ;             ;
; Cut paths between unrelated clock domains                                                            ; On                 ;      ;    ;             ;
; Cut off read during write signal paths                                                               ; On                 ;      ;    ;             ;
; Cut off feedback from I/O pins                                                                       ; On                 ;      ;    ;             ;
; Report Combined Fast/Slow Timing                                                                     ; Off                ;      ;    ;             ;
; Ignore Clock Settings                                                                                ; Off                ;      ;    ;             ;
; Analyze latches as synchronous elements                                                              ; On                 ;      ;    ;             ;
; Enable Recovery/Removal analysis                                                                     ; Off                ;      ;    ;             ;
; Enable Clock Latency                                                                                 ; Off                ;      ;    ;             ;
; Use TimeQuest Timing Analyzer                                                                        ; Off                ;      ;    ;             ;
; Number of source nodes to report per destination node                                                ; 10                 ;      ;    ;             ;
; Number of destination nodes to report                                                                ; 10                 ;      ;    ;             ;
; Number of paths to report                                                                            ; 200                ;      ;    ;             ;
; Report Minimum Timing Checks                                                                         ; Off                ;      ;    ;             ;
; Use Fast Timing Models                                                                               ; Off                ;      ;    ;             ;
; Report IO Paths Separately                                                                           ; Off                ;      ;    ;             ;
; Perform Multicorner Analysis                                                                         ; On                 ;      ;    ;             ;
; Reports the worst-case path for each clock domain and analysis                                       ; Off                ;      ;    ;             ;
; Reports worst-case timing paths for each clock domain and analysis                                   ; Off                ;      ;    ;             ;
; Specifies the maximum number of worst-case timing paths to report for each clock domain and analysis ; 100                ;      ;    ;             ;
; Removes common clock path pessimism (CCPP) during slack computation                                  ; Off                ;      ;    ;             ;
; Output I/O Timing Endpoint                                                                           ; Near End           ;      ;    ;             ;
+------------------------------------------------------------------------------------------------------+--------------------+------+----+-------------+


+------------------------------------------------------------------------------------------------------------------------------------------------------------------------------------+
; Clock Settings Summary                                                                                                                                                             ;
+-----------------+--------------------+----------+------------------+---------------+--------------+----------+-----------------------+---------------------+--------+--------------+
; Clock Node Name ; Clock Setting Name ; Type     ; Fmax Requirement ; Early Latency ; Late Latency ; Based on ; Multiply Base Fmax by ; Divide Base Fmax by ; Offset ; Phase offset ;
+-----------------+--------------------+----------+------------------+---------------+--------------+----------+-----------------------+---------------------+--------+--------------+
; clk             ;                    ; User Pin ; None             ; 0.000 ns      ; 0.000 ns     ; --       ; N/A                   ; N/A                 ; N/A    ;              ;
+-----------------+--------------------+----------+------------------+---------------+--------------+----------+-----------------------+---------------------+--------+--------------+


Parallel compilation was disabled, but you have multiple processors available. Enable parallel compilation to reduce compilation time.
+-------------------------------------+
; Parallel Compilation                ;
+----------------------------+--------+
; Processors                 ; Number ;
+----------------------------+--------+
; Number detected on machine ; 4      ;
; Maximum allowed            ; 1      ;
+----------------------------+--------+


+-------------------------------------------------------------------+
; tsu                                                               ;
+-------+--------------+------------+-------+------------+----------+
; Slack ; Required tsu ; Actual tsu ; From  ; To         ; To Clock ;
+-------+--------------+------------+-------+------------+----------+
; N/A   ; None         ; 4.220 ns   ; en    ; y[16]~reg0 ; clk      ;
; N/A   ; None         ; 4.220 ns   ; en    ; y[17]~reg0 ; clk      ;
; N/A   ; None         ; 4.220 ns   ; en    ; y[18]~reg0 ; clk      ;
; N/A   ; None         ; 4.220 ns   ; en    ; y[19]~reg0 ; clk      ;
; N/A   ; None         ; 4.220 ns   ; en    ; y[20]~reg0 ; clk      ;
; N/A   ; None         ; 4.220 ns   ; en    ; y[21]~reg0 ; clk      ;
; N/A   ; None         ; 4.220 ns   ; en    ; y[22]~reg0 ; clk      ;
; N/A   ; None         ; 4.220 ns   ; en    ; y[23]~reg0 ; clk      ;
; N/A   ; None         ; 4.220 ns   ; en    ; y[24]~reg0 ; clk      ;
; N/A   ; None         ; 4.220 ns   ; en    ; y[25]~reg0 ; clk      ;
; N/A   ; None         ; 4.220 ns   ; en    ; y[26]~reg0 ; clk      ;
; N/A   ; None         ; 4.220 ns   ; en    ; y[27]~reg0 ; clk      ;
; N/A   ; None         ; 4.220 ns   ; en    ; y[28]~reg0 ; clk      ;
; N/A   ; None         ; 4.220 ns   ; en    ; y[29]~reg0 ; clk      ;
; N/A   ; None         ; 4.220 ns   ; en    ; y[30]~reg0 ; clk      ;
; N/A   ; None         ; 4.220 ns   ; en    ; y[31]~reg0 ; clk      ;
; N/A   ; None         ; 4.041 ns   ; en    ; y[0]~reg0  ; clk      ;
; N/A   ; None         ; 4.041 ns   ; en    ; y[1]~reg0  ; clk      ;
; N/A   ; None         ; 4.041 ns   ; en    ; y[2]~reg0  ; clk      ;
; N/A   ; None         ; 4.041 ns   ; en    ; y[3]~reg0  ; clk      ;
; N/A   ; None         ; 4.041 ns   ; en    ; y[4]~reg0  ; clk      ;
; N/A   ; None         ; 4.041 ns   ; en    ; y[5]~reg0  ; clk      ;
; N/A   ; None         ; 4.041 ns   ; en    ; y[6]~reg0  ; clk      ;
; N/A   ; None         ; 4.041 ns   ; en    ; y[7]~reg0  ; clk      ;
; N/A   ; None         ; 4.041 ns   ; en    ; y[8]~reg0  ; clk      ;
; N/A   ; None         ; 4.041 ns   ; en    ; y[9]~reg0  ; clk      ;
; N/A   ; None         ; 4.041 ns   ; en    ; y[10]~reg0 ; clk      ;
; N/A   ; None         ; 4.041 ns   ; en    ; y[11]~reg0 ; clk      ;
; N/A   ; None         ; 4.041 ns   ; en    ; y[12]~reg0 ; clk      ;
; N/A   ; None         ; 4.041 ns   ; en    ; y[13]~reg0 ; clk      ;
; N/A   ; None         ; 4.041 ns   ; en    ; y[14]~reg0 ; clk      ;
; N/A   ; None         ; 4.041 ns   ; en    ; y[15]~reg0 ; clk      ;
; N/A   ; None         ; 3.556 ns   ; a[14] ; y[14]~reg0 ; clk      ;
; N/A   ; None         ; 3.552 ns   ; a[1]  ; y[1]~reg0  ; clk      ;
; N/A   ; None         ; 3.475 ns   ; a[10] ; y[10]~reg0 ; clk      ;
; N/A   ; None         ; 3.391 ns   ; a[2]  ; y[2]~reg0  ; clk      ;
; N/A   ; None         ; 3.357 ns   ; a[19] ; y[19]~reg0 ; clk      ;
; N/A   ; None         ; 3.352 ns   ; a[12] ; y[12]~reg0 ; clk      ;
; N/A   ; None         ; 3.344 ns   ; a[17] ; y[17]~reg0 ; clk      ;
; N/A   ; None         ; 3.300 ns   ; a[21] ; y[21]~reg0 ; clk      ;
; N/A   ; None         ; 3.253 ns   ; a[0]  ; y[0]~reg0  ; clk      ;
; N/A   ; None         ; 3.217 ns   ; a[22] ; y[22]~reg0 ; clk      ;
; N/A   ; None         ; 3.209 ns   ; a[8]  ; y[8]~reg0  ; clk      ;
; N/A   ; None         ; 3.188 ns   ; a[26] ; y[26]~reg0 ; clk      ;
; N/A   ; None         ; 3.173 ns   ; a[5]  ; y[5]~reg0  ; clk      ;
; N/A   ; None         ; 3.171 ns   ; a[29] ; y[29]~reg0 ; clk      ;
; N/A   ; None         ; 3.168 ns   ; a[16] ; y[16]~reg0 ; clk      ;
; N/A   ; None         ; 3.122 ns   ; a[15] ; y[15]~reg0 ; clk      ;
; N/A   ; None         ; 3.116 ns   ; a[3]  ; y[3]~reg0  ; clk      ;
; N/A   ; None         ; 3.111 ns   ; a[24] ; y[24]~reg0 ; clk      ;
; N/A   ; None         ; 3.083 ns   ; a[6]  ; y[6]~reg0  ; clk      ;
; N/A   ; None         ; 3.080 ns   ; a[9]  ; y[9]~reg0  ; clk      ;
; N/A   ; None         ; 3.078 ns   ; a[23] ; y[23]~reg0 ; clk      ;
; N/A   ; None         ; 3.074 ns   ; a[31] ; y[31]~reg0 ; clk      ;
; N/A   ; None         ; 3.038 ns   ; a[20] ; y[20]~reg0 ; clk      ;
; N/A   ; None         ; 3.020 ns   ; a[7]  ; y[7]~reg0  ; clk      ;
; N/A   ; None         ; 2.877 ns   ; a[30] ; y[30]~reg0 ; clk      ;
; N/A   ; None         ; 2.739 ns   ; a[28] ; y[28]~reg0 ; clk      ;
; N/A   ; None         ; 2.687 ns   ; a[11] ; y[11]~reg0 ; clk      ;
; N/A   ; None         ; 2.661 ns   ; a[4]  ; y[4]~reg0  ; clk      ;
; N/A   ; None         ; 2.638 ns   ; a[27] ; y[27]~reg0 ; clk      ;
; N/A   ; None         ; 2.617 ns   ; a[18] ; y[18]~reg0 ; clk      ;
; N/A   ; None         ; 2.551 ns   ; a[13] ; y[13]~reg0 ; clk      ;
; N/A   ; None         ; 2.494 ns   ; a[25] ; y[25]~reg0 ; clk      ;
+-------+--------------+------------+-------+------------+----------+


+---------------------------------------------------------------------+
; tco                                                                 ;
+-------+--------------+------------+------------+-------+------------+
; Slack ; Required tco ; Actual tco ; From       ; To    ; From Clock ;
+-------+--------------+------------+------------+-------+------------+
; N/A   ; None         ; 7.901 ns   ; y[25]~reg0 ; y[25] ; clk        ;
; N/A   ; None         ; 6.948 ns   ; y[6]~reg0  ; y[6]  ; clk        ;
; N/A   ; None         ; 6.821 ns   ; y[4]~reg0  ; y[4]  ; clk        ;
; N/A   ; None         ; 6.575 ns   ; y[29]~reg0 ; y[29] ; clk        ;
; N/A   ; None         ; 6.540 ns   ; y[30]~reg0 ; y[30] ; clk        ;
; N/A   ; None         ; 6.434 ns   ; y[11]~reg0 ; y[11] ; clk        ;
; N/A   ; None         ; 6.428 ns   ; y[1]~reg0  ; y[1]  ; clk        ;
; N/A   ; None         ; 6.246 ns   ; y[24]~reg0 ; y[24] ; clk        ;
; N/A   ; None         ; 6.081 ns   ; y[9]~reg0  ; y[9]  ; clk        ;
; N/A   ; None         ; 6.046 ns   ; y[28]~reg0 ; y[28] ; clk        ;
; N/A   ; None         ; 5.876 ns   ; y[22]~reg0 ; y[22] ; clk        ;
; N/A   ; None         ; 5.866 ns   ; y[15]~reg0 ; y[15] ; clk        ;
; N/A   ; None         ; 5.839 ns   ; y[12]~reg0 ; y[12] ; clk        ;
; N/A   ; None         ; 5.809 ns   ; y[5]~reg0  ; y[5]  ; clk        ;
; N/A   ; None         ; 5.804 ns   ; y[27]~reg0 ; y[27] ; clk        ;
; N/A   ; None         ; 5.652 ns   ; y[31]~reg0 ; y[31] ; clk        ;
; N/A   ; None         ; 5.650 ns   ; y[0]~reg0  ; y[0]  ; clk        ;
; N/A   ; None         ; 5.593 ns   ; y[3]~reg0  ; y[3]  ; clk        ;
; N/A   ; None         ; 5.589 ns   ; y[14]~reg0 ; y[14] ; clk        ;
; N/A   ; None         ; 5.577 ns   ; y[19]~reg0 ; y[19] ; clk        ;
; N/A   ; None         ; 5.468 ns   ; y[2]~reg0  ; y[2]  ; clk        ;
; N/A   ; None         ; 5.463 ns   ; y[13]~reg0 ; y[13] ; clk        ;
; N/A   ; None         ; 5.463 ns   ; y[10]~reg0 ; y[10] ; clk        ;
; N/A   ; None         ; 5.438 ns   ; y[7]~reg0  ; y[7]  ; clk        ;
; N/A   ; None         ; 5.394 ns   ; y[8]~reg0  ; y[8]  ; clk        ;
; N/A   ; None         ; 5.393 ns   ; y[17]~reg0 ; y[17] ; clk        ;
; N/A   ; None         ; 5.373 ns   ; y[16]~reg0 ; y[16] ; clk        ;
; N/A   ; None         ; 5.364 ns   ; y[26]~reg0 ; y[26] ; clk        ;
; N/A   ; None         ; 5.355 ns   ; y[20]~reg0 ; y[20] ; clk        ;
; N/A   ; None         ; 5.350 ns   ; y[21]~reg0 ; y[21] ; clk        ;
; N/A   ; None         ; 5.350 ns   ; y[18]~reg0 ; y[18] ; clk        ;
; N/A   ; None         ; 5.305 ns   ; y[23]~reg0 ; y[23] ; clk        ;
+-------+--------------+------------+------------+-------+------------+


+-------------------------------------------------------------------------+
; th                                                                      ;
+---------------+-------------+-----------+-------+------------+----------+
; Minimum Slack ; Required th ; Actual th ; From  ; To         ; To Clock ;
+---------------+-------------+-----------+-------+------------+----------+
; N/A           ; None        ; -2.255 ns ; a[25] ; y[25]~reg0 ; clk      ;
; N/A           ; None        ; -2.312 ns ; a[13] ; y[13]~reg0 ; clk      ;
; N/A           ; None        ; -2.378 ns ; a[18] ; y[18]~reg0 ; clk      ;
; N/A           ; None        ; -2.399 ns ; a[27] ; y[27]~reg0 ; clk      ;
; N/A           ; None        ; -2.422 ns ; a[4]  ; y[4]~reg0  ; clk      ;
; N/A           ; None        ; -2.448 ns ; a[11] ; y[11]~reg0 ; clk      ;
; N/A           ; None        ; -2.500 ns ; a[28] ; y[28]~reg0 ; clk      ;
; N/A           ; None        ; -2.638 ns ; a[30] ; y[30]~reg0 ; clk      ;
; N/A           ; None        ; -2.781 ns ; a[7]  ; y[7]~reg0  ; clk      ;
; N/A           ; None        ; -2.799 ns ; a[20] ; y[20]~reg0 ; clk      ;
; N/A           ; None        ; -2.835 ns ; a[31] ; y[31]~reg0 ; clk      ;
; N/A           ; None        ; -2.839 ns ; a[23] ; y[23]~reg0 ; clk      ;
; N/A           ; None        ; -2.841 ns ; a[9]  ; y[9]~reg0  ; clk      ;
; N/A           ; None        ; -2.844 ns ; a[6]  ; y[6]~reg0  ; clk      ;
; N/A           ; None        ; -2.872 ns ; a[24] ; y[24]~reg0 ; clk      ;
; N/A           ; None        ; -2.877 ns ; a[3]  ; y[3]~reg0  ; clk      ;
; N/A           ; None        ; -2.883 ns ; a[15] ; y[15]~reg0 ; clk      ;
; N/A           ; None        ; -2.929 ns ; a[16] ; y[16]~reg0 ; clk      ;
; N/A           ; None        ; -2.932 ns ; a[29] ; y[29]~reg0 ; clk      ;
; N/A           ; None        ; -2.934 ns ; a[5]  ; y[5]~reg0  ; clk      ;
; N/A           ; None        ; -2.949 ns ; a[26] ; y[26]~reg0 ; clk      ;
; N/A           ; None        ; -2.970 ns ; a[8]  ; y[8]~reg0  ; clk      ;
; N/A           ; None        ; -2.978 ns ; a[22] ; y[22]~reg0 ; clk      ;
; N/A           ; None        ; -3.014 ns ; a[0]  ; y[0]~reg0  ; clk      ;
; N/A           ; None        ; -3.061 ns ; a[21] ; y[21]~reg0 ; clk      ;
; N/A           ; None        ; -3.105 ns ; a[17] ; y[17]~reg0 ; clk      ;
; N/A           ; None        ; -3.113 ns ; a[12] ; y[12]~reg0 ; clk      ;
; N/A           ; None        ; -3.118 ns ; a[19] ; y[19]~reg0 ; clk      ;
; N/A           ; None        ; -3.152 ns ; a[2]  ; y[2]~reg0  ; clk      ;
; N/A           ; None        ; -3.236 ns ; a[10] ; y[10]~reg0 ; clk      ;
; N/A           ; None        ; -3.313 ns ; a[1]  ; y[1]~reg0  ; clk      ;
; N/A           ; None        ; -3.317 ns ; a[14] ; y[14]~reg0 ; clk      ;
; N/A           ; None        ; -3.802 ns ; en    ; y[0]~reg0  ; clk      ;
; N/A           ; None        ; -3.802 ns ; en    ; y[1]~reg0  ; clk      ;
; N/A           ; None        ; -3.802 ns ; en    ; y[2]~reg0  ; clk      ;
; N/A           ; None        ; -3.802 ns ; en    ; y[3]~reg0  ; clk      ;
; N/A           ; None        ; -3.802 ns ; en    ; y[4]~reg0  ; clk      ;
; N/A           ; None        ; -3.802 ns ; en    ; y[5]~reg0  ; clk      ;
; N/A           ; None        ; -3.802 ns ; en    ; y[6]~reg0  ; clk      ;
; N/A           ; None        ; -3.802 ns ; en    ; y[7]~reg0  ; clk      ;
; N/A           ; None        ; -3.802 ns ; en    ; y[8]~reg0  ; clk      ;
; N/A           ; None        ; -3.802 ns ; en    ; y[9]~reg0  ; clk      ;
; N/A           ; None        ; -3.802 ns ; en    ; y[10]~reg0 ; clk      ;
; N/A           ; None        ; -3.802 ns ; en    ; y[11]~reg0 ; clk      ;
; N/A           ; None        ; -3.802 ns ; en    ; y[12]~reg0 ; clk      ;
; N/A           ; None        ; -3.802 ns ; en    ; y[13]~reg0 ; clk      ;
; N/A           ; None        ; -3.802 ns ; en    ; y[14]~reg0 ; clk      ;
; N/A           ; None        ; -3.802 ns ; en    ; y[15]~reg0 ; clk      ;
; N/A           ; None        ; -3.981 ns ; en    ; y[16]~reg0 ; clk      ;
; N/A           ; None        ; -3.981 ns ; en    ; y[17]~reg0 ; clk      ;
; N/A           ; None        ; -3.981 ns ; en    ; y[18]~reg0 ; clk      ;
; N/A           ; None        ; -3.981 ns ; en    ; y[19]~reg0 ; clk      ;
; N/A           ; None        ; -3.981 ns ; en    ; y[20]~reg0 ; clk      ;
; N/A           ; None        ; -3.981 ns ; en    ; y[21]~reg0 ; clk      ;
; N/A           ; None        ; -3.981 ns ; en    ; y[22]~reg0 ; clk      ;
; N/A           ; None        ; -3.981 ns ; en    ; y[23]~reg0 ; clk      ;
; N/A           ; None        ; -3.981 ns ; en    ; y[24]~reg0 ; clk      ;
; N/A           ; None        ; -3.981 ns ; en    ; y[25]~reg0 ; clk      ;
; N/A           ; None        ; -3.981 ns ; en    ; y[26]~reg0 ; clk      ;
; N/A           ; None        ; -3.981 ns ; en    ; y[27]~reg0 ; clk      ;
; N/A           ; None        ; -3.981 ns ; en    ; y[28]~reg0 ; clk      ;
; N/A           ; None        ; -3.981 ns ; en    ; y[29]~reg0 ; clk      ;
; N/A           ; None        ; -3.981 ns ; en    ; y[30]~reg0 ; clk      ;
; N/A           ; None        ; -3.981 ns ; en    ; y[31]~reg0 ; clk      ;
+---------------+-------------+-----------+-------+------------+----------+


+--------------------------+
; Timing Analyzer Messages ;
+--------------------------+
Info: *******************************************************************
Info: Running Quartus II Classic Timing Analyzer
    Info: Version 9.1 Build 350 03/24/2010 Service Pack 2 SJ Web Edition
    Info: Processing started: Tue May 15 10:54:14 2018
Info: Command: quartus_tan --read_settings_files=off --write_settings_files=off register -c register --timing_analysis_only
Warning: Found pins functioning as undefined clocks and/or memory enables
    Info: Assuming node "clk" is an undefined clock
Info: No valid register-to-register data paths exist for clock "clk"
Info: tsu for register "y[16]~reg0" (data pin = "en", clock pin = "clk") is 4.220 ns
    Info: + Longest pin to register delay is 6.602 ns
        Info: 1: + IC(0.000 ns) + CELL(0.819 ns) = 0.819 ns; Loc. = PIN_B13; Fanout = 32; PIN Node = 'en'
        Info: 2: + IC(5.037 ns) + CELL(0.746 ns) = 6.602 ns; Loc. = LCFF_X30_Y6_N1; Fanout = 1; REG Node = 'y[16]~reg0'
        Info: Total cell delay = 1.565 ns ( 23.70 % )
        Info: Total interconnect delay = 5.037 ns ( 76.30 % )
    Info: + Micro setup delay of destination is 0.090 ns
    Info: - Shortest clock path from clock "clk" to destination register is 2.472 ns
        Info: 1: + IC(0.000 ns) + CELL(0.854 ns) = 0.854 ns; Loc. = PIN_N20; Fanout = 1; CLK Node = 'clk'
        Info: 2: + IC(0.343 ns) + CELL(0.000 ns) = 1.197 ns; Loc. = CLKCTRL_G3; Fanout = 32; COMB Node = 'clk~clkctrl'
        Info: 3: + IC(0.657 ns) + CELL(0.618 ns) = 2.472 ns; Loc. = LCFF_X30_Y6_N1; Fanout = 1; REG Node = 'y[16]~reg0'
        Info: Total cell delay = 1.472 ns ( 59.55 % )
        Info: Total interconnect delay = 1.000 ns ( 40.45 % )
Info: tco from clock "clk" to destination pin "y[25]" through register "y[25]~reg0" is 7.901 ns
    Info: + Longest clock path from clock "clk" to source register is 2.472 ns
        Info: 1: + IC(0.000 ns) + CELL(0.854 ns) = 0.854 ns; Loc. = PIN_N20; Fanout = 1; CLK Node = 'clk'
        Info: 2: + IC(0.343 ns) + CELL(0.000 ns) = 1.197 ns; Loc. = CLKCTRL_G3; Fanout = 32; COMB Node = 'clk~clkctrl'
        Info: 3: + IC(0.657 ns) + CELL(0.618 ns) = 2.472 ns; Loc. = LCFF_X30_Y6_N23; Fanout = 1; REG Node = 'y[25]~reg0'
        Info: Total cell delay = 1.472 ns ( 59.55 % )
        Info: Total interconnect delay = 1.000 ns ( 40.45 % )
    Info: + Micro clock to output delay of source is 0.094 ns
    Info: + Longest register to pin delay is 5.335 ns
        Info: 1: + IC(0.000 ns) + CELL(0.000 ns) = 0.000 ns; Loc. = LCFF_X30_Y6_N23; Fanout = 1; REG Node = 'y[25]~reg0'
        Info: 2: + IC(3.393 ns) + CELL(1.942 ns) = 5.335 ns; Loc. = PIN_G14; Fanout = 0; PIN Node = 'y[25]'
        Info: Total cell delay = 1.942 ns ( 36.40 % )
        Info: Total interconnect delay = 3.393 ns ( 63.60 % )
Info: th for register "y[25]~reg0" (data pin = "a[25]", clock pin = "clk") is -2.255 ns
    Info: + Longest clock path from clock "clk" to destination register is 2.472 ns
        Info: 1: + IC(0.000 ns) + CELL(0.854 ns) = 0.854 ns; Loc. = PIN_N20; Fanout = 1; CLK Node = 'clk'
        Info: 2: + IC(0.343 ns) + CELL(0.000 ns) = 1.197 ns; Loc. = CLKCTRL_G3; Fanout = 32; COMB Node = 'clk~clkctrl'
        Info: 3: + IC(0.657 ns) + CELL(0.618 ns) = 2.472 ns; Loc. = LCFF_X30_Y6_N23; Fanout = 1; REG Node = 'y[25]~reg0'
        Info: Total cell delay = 1.472 ns ( 59.55 % )
        Info: Total interconnect delay = 1.000 ns ( 40.45 % )
    Info: + Micro hold delay of destination is 0.149 ns
    Info: - Shortest pin to register delay is 4.876 ns
        Info: 1: + IC(0.000 ns) + CELL(0.810 ns) = 0.810 ns; Loc. = PIN_R3; Fanout = 1; PIN Node = 'a[25]'
        Info: 2: + IC(3.858 ns) + CELL(0.053 ns) = 4.721 ns; Loc. = LCCOMB_X30_Y6_N22; Fanout = 1; COMB Node = 'y[25]~reg0feeder'
        Info: 3: + IC(0.000 ns) + CELL(0.155 ns) = 4.876 ns; Loc. = LCFF_X30_Y6_N23; Fanout = 1; REG Node = 'y[25]~reg0'
        Info: Total cell delay = 1.018 ns ( 20.88 % )
        Info: Total interconnect delay = 3.858 ns ( 79.12 % )
Info: Quartus II Classic Timing Analyzer was successful. 0 errors, 1 warning
    Info: Peak virtual memory: 169 megabytes
    Info: Processing ended: Tue May 15 10:54:14 2018
    Info: Elapsed time: 00:00:00
    Info: Total CPU time (on all processors): 00:00:00


